D:\IMAGE_PROCESSING\OPENCV_VS\FIND_CONNECTEED_BLOCKS\DEBUG\FIND_CONNECTEED_BLOCKS.EXE
D:\IMAGE_PROCESSING\OPENCV_VS\FIND_CONNECTEED_BLOCKS\DEBUG\FIND_CONNECTEED_BLOCKS.ILK
D:\IMAGE_PROCESSING\OPENCV_VS\FIND_CONNECTEED_BLOCKS\DEBUG\FIND_CONNECTEED_BLOCKS.PDB
D:\Image_Processing\opencv_vs\find_connecteed_blocks\find_connecteed_blocks\Debug\cl.command.1.tlog
D:\Image_Processing\opencv_vs\find_connecteed_blocks\find_connecteed_blocks\Debug\CL.read.1.tlog
D:\Image_Processing\opencv_vs\find_connecteed_blocks\find_connecteed_blocks\Debug\CL.write.1.tlog
D:\IMAGE_PROCESSING\OPENCV_VS\FIND_CONNECTEED_BLOCKS\FIND_CONNECTEED_BLOCKS\DEBUG\FIND_CONNECTED_BLOCKS.OBJ
D:\IMAGE_PROCESSING\OPENCV_VS\FIND_CONNECTEED_BLOCKS\FIND_CONNECTEED_BLOCKS\DEBUG\FIND_CONNECTEED_BLOCKS.EXE.EMBED.MANIFEST
D:\IMAGE_PROCESSING\OPENCV_VS\FIND_CONNECTEED_BLOCKS\FIND_CONNECTEED_BLOCKS\DEBUG\FIND_CONNECTEED_BLOCKS.EXE.EMBED.MANIFEST.RES
D:\IMAGE_PROCESSING\OPENCV_VS\FIND_CONNECTEED_BLOCKS\FIND_CONNECTEED_BLOCKS\DEBUG\FIND_CONNECTEED_BLOCKS.EXE.INTERMEDIATE.MANIFEST
D:\Image_Processing\opencv_vs\find_connecteed_blocks\find_connecteed_blocks\Debug\find_connecteed_blocks.vcxprojResolveAssemblyReference.cache
D:\Image_Processing\opencv_vs\find_connecteed_blocks\find_connecteed_blocks\Debug\find_connecteed_blocks.write.1.tlog
D:\Image_Processing\opencv_vs\find_connecteed_blocks\find_connecteed_blocks\Debug\find_connecteed_blocks_manifest.rc
D:\Image_Processing\opencv_vs\find_connecteed_blocks\find_connecteed_blocks\Debug\link.5072.read.1.tlog
D:\Image_Processing\opencv_vs\find_connecteed_blocks\find_connecteed_blocks\Debug\link.5072.write.1.tlog
D:\Image_Processing\opencv_vs\find_connecteed_blocks\find_connecteed_blocks\Debug\link.5072-cvtres.read.1.tlog
D:\Image_Processing\opencv_vs\find_connecteed_blocks\find_connecteed_blocks\Debug\link.5072-cvtres.write.1.tlog
D:\Image_Processing\opencv_vs\find_connecteed_blocks\find_connecteed_blocks\Debug\link.6384.read.1.tlog
D:\Image_Processing\opencv_vs\find_connecteed_blocks\find_connecteed_blocks\Debug\link.6384.write.1.tlog
D:\Image_Processing\opencv_vs\find_connecteed_blocks\find_connecteed_blocks\Debug\link.6384-cvtres.read.1.tlog
D:\Image_Processing\opencv_vs\find_connecteed_blocks\find_connecteed_blocks\Debug\link.6384-cvtres.write.1.tlog
D:\Image_Processing\opencv_vs\find_connecteed_blocks\find_connecteed_blocks\Debug\link.command.1.tlog
D:\Image_Processing\opencv_vs\find_connecteed_blocks\find_connecteed_blocks\Debug\link.read.1.tlog
D:\Image_Processing\opencv_vs\find_connecteed_blocks\find_connecteed_blocks\Debug\link.write.1.tlog
D:\Image_Processing\opencv_vs\find_connecteed_blocks\find_connecteed_blocks\Debug\link-cvtres.read.1.tlog
D:\Image_Processing\opencv_vs\find_connecteed_blocks\find_connecteed_blocks\Debug\link-cvtres.write.1.tlog
D:\Image_Processing\opencv_vs\find_connecteed_blocks\find_connecteed_blocks\Debug\mt.command.1.tlog
D:\Image_Processing\opencv_vs\find_connecteed_blocks\find_connecteed_blocks\Debug\mt.read.1.tlog
D:\Image_Processing\opencv_vs\find_connecteed_blocks\find_connecteed_blocks\Debug\mt.write.1.tlog
D:\Image_Processing\opencv_vs\find_connecteed_blocks\find_connecteed_blocks\Debug\rc.command.1.tlog
D:\Image_Processing\opencv_vs\find_connecteed_blocks\find_connecteed_blocks\Debug\rc.read.1.tlog
D:\Image_Processing\opencv_vs\find_connecteed_blocks\find_connecteed_blocks\Debug\rc.write.1.tlog
D:\Image_Processing\opencv_vs\find_connecteed_blocks\find_connecteed_blocks\Debug\vc100.idb
D:\IMAGE_PROCESSING\OPENCV_VS\FIND_CONNECTEED_BLOCKS\FIND_CONNECTEED_BLOCKS\DEBUG\VC100.PDB
