生成启动时间为 2019/4/20 13:53:16。
     1>项目“D:\Image_Processing\opencv_vs\Bitmap_cut\Bitmap_cut\Bitmap_cut.vcxproj”在节点 2 上(build 个目标)。
     1>InitializeBuildStatus:
         正在创建“Debug\Bitmap_cut.unsuccessfulbuild”，因为已指定“AlwaysCreate”。
       ClCompile:
         d:\VS2010\VC\bin\CL.exe /c /ZI /nologo /W3 /WX- /Od /Oy- /D WIN32 /D _DEBUG /D _CONSOLE /D _UNICODE /D UNICODE /Gm /EHsc /RTC1 /MDd /GS /fp:precise /Zc:wchar_t /Zc:forScope /Fo"Debug\\" /Fd"Debug\vc100.pdb" /Gd /TP /analyze- /errorReport:prompt Bitmap_cut.cpp
         Bitmap_cut.cpp
       ManifestResourceCompile:
         所有输出均为最新。
       Link:
         d:\VS2010\VC\bin\link.exe /ERRORREPORT:PROMPT /OUT:"D:\Image_Processing\opencv_vs\Bitmap_cut\Debug\Bitmap_cut.exe" /INCREMENTAL /NOLOGO opencv_calib3d249d.lib opencv_contrib249d.lib opencv_core249d.lib opencv_features2d249d.lib opencv_flann249d.lib opencv_gpu249d.lib opencv_highgui249d.lib opencv_imgproc249d.lib opencv_legacy249d.lib opencv_ml249d.lib opencv_nonfree249d.lib opencv_objdetect249d.lib opencv_ocl249d.lib opencv_photo249d.lib opencv_stitching249d.lib opencv_superres249d.lib opencv_ts249d.lib opencv_video249d.lib opencv_videostab249d.lib opencv_calib3d249.lib opencv_contrib249.lib opencv_core249.lib opencv_features2d249.lib opencv_flann249.lib opencv_gpu249.lib opencv_highgui249.lib opencv_imgproc249.lib opencv_legacy249.lib opencv_ml249.lib opencv_nonfree249.lib opencv_objdetect249.lib opencv_ocl249.lib opencv_photo249.lib opencv_stitching249.lib opencv_superres249.lib opencv_ts249.lib opencv_video249.lib opencv_videostab249.lib kernel32.lib user32.lib gdi32.lib winspool.lib comdlg32.lib advapi32.lib shell32.lib ole32.lib oleaut32.lib uuid.lib odbc32.lib odbccp32.lib /MANIFEST /ManifestFile:"Debug\Bitmap_cut.exe.intermediate.manifest" /MANIFESTUAC:"level='asInvoker' uiAccess='false'" /DEBUG /PDB:"D:\Image_Processing\opencv_vs\Bitmap_cut\Debug\Bitmap_cut.pdb" /SUBSYSTEM:CONSOLE /TLBID:1 /DYNAMICBASE /NXCOMPAT /IMPLIB:"D:\Image_Processing\opencv_vs\Bitmap_cut\Debug\Bitmap_cut.lib" /MACHINE:X86 Debug\Bitmap_cut.exe.embed.manifest.res
         Debug\Bitmap_cut.obj
       Manifest:
         C:\Program Files (x86)\Microsoft SDKs\Windows\v7.0A\bin\mt.exe /nologo /verbose /out:"Debug\Bitmap_cut.exe.embed.manifest" /manifest Debug\Bitmap_cut.exe.intermediate.manifest
         所有输出均为最新。
       LinkEmbedManifest:
         所有输出均为最新。
         Bitmap_cut.vcxproj -> D:\Image_Processing\opencv_vs\Bitmap_cut\Debug\Bitmap_cut.exe
       FinalizeBuildStatus:
         正在删除文件“Debug\Bitmap_cut.unsuccessfulbuild”。
         正在对“Debug\Bitmap_cut.lastbuildstate”执行 Touch 任务。
     1>已完成生成项目“D:\Image_Processing\opencv_vs\Bitmap_cut\Bitmap_cut\Bitmap_cut.vcxproj”(build 个目标)的操作。

生成成功。

已用时间 00:00:02.20
